已經開始建置於 5/7/2017 4:57:39 PM。
     1>節點 2 (build 目標) 上的專案 "D:\Desktop\game_inheritance\game\game.vcxproj"。
     1>InitializeBuildStatus:
         由於指定了 "AlwaysCreate"，因此正在建立 "Debug\game.unsuccessfulbuild"。
       ClCompile:
         D:\VISUAL_C++\VC\bin\CL.exe /c /ZI /nologo /W3 /WX- /Od /Oy- /D _MBCS /Gm /EHsc /RTC1 /MDd /GS /fp:precise /Zc:wchar_t /Zc:forScope /Fo"Debug\\" /Fd"Debug\vc100.pdb" /Gd /TP /analyze- /errorReport:prompt main.cpp
         main.cpp
       Link:
         D:\VISUAL_C++\VC\bin\link.exe /ERRORREPORT:PROMPT /OUT:"D:\Desktop\game_inheritance\Debug\game.exe" /NOLOGO kernel32.lib user32.lib gdi32.lib winspool.lib comdlg32.lib advapi32.lib shell32.lib ole32.lib oleaut32.lib uuid.lib odbc32.lib odbccp32.lib /MANIFEST /ManifestFile:"Debug\game.exe.intermediate.manifest" /MANIFESTUAC:"level='asInvoker' uiAccess='false'" /DEBUG /PDB:"D:\Desktop\game_inheritance\Debug\game.pdb" /TLBID:1 /DYNAMICBASE /NXCOMPAT /IMPLIB:"D:\Desktop\game_inheritance\Debug\game.lib" /MACHINE:X86 Debug\dice.obj
         Debug\game.obj
         Debug\main.obj
         Debug\Time.obj
         LINK : 最後的累加連結找不到或未建置 D:\Desktop\game_inheritance\Debug\game.exe，正在執行完整連結
         game.vcxproj -> D:\Desktop\game_inheritance\Debug\game.exe
       Manifest:
         C:\Program Files (x86)\Microsoft SDKs\Windows\v7.0A\bin\mt.exe /nologo /verbose /outputresource:"D:\Desktop\game_inheritance\Debug\game.exe;#1" /manifest Debug\game.exe.intermediate.manifest
       FinalizeBuildStatus:
         正在刪除檔案 "Debug\game.unsuccessfulbuild"。
         正在變更時間戳記 "Debug\game.lastbuildstate"。
     1>專案 "D:\Desktop\game_inheritance\game\game.vcxproj" (build 目標) 建置完成。

建置成功。

經過時間 00:00:00.86
